#
# A fatal error has been detected by the Java Runtime Environment:
#
#  SIGSEGV (0xb) at pc=0x00007fa881069a7a, pid=24450, tid=0x00007fa832c1d700
#
# JRE version: Java(TM) SE Runtime Environment (8.0_131-b11) (build 1.8.0_131-b11)
# Java VM: Java HotSpot(TM) 64-Bit Server VM (25.131-b11 mixed mode linux-amd64 compressed oops)
# Problematic frame:
# v  ~BufferBlob::jni_fast_GetLongField
#
# Failed to write core dump. Core dumps have been disabled. To enable core dumping, try "ulimit -c unlimited" before starting Java again
#
# If you would like to submit a bug report, please visit:
#   http://bugreport.java.com/bugreport/crash.jsp
# The crash happened outside the Java Virtual Machine in native code.
# See problematic frame for where to report the bug.
#

---------------  T H R E A D  ---------------

Current thread (0x00007fa890265800):  JavaThread "AWT-XAWT" daemon [_thread_in_native, id=24476, stack(0x00007fa832b1d000,0x00007fa832c1e000)]

siginfo: si_signo: 11 (SIGSEGV), si_code: 1 (SEGV_MAPERR), si_addr: 0x0000000000000000

Registers:
RAX=0x00007fa8969f1240, RBX=0x00007fa8902659f8, RCX=0x00007fa8974582c0, RDX=0x0000000000000042
RSP=0x00007fa832c1c7b8, RBP=0x00007fa832c1c7e0, RSI=0x0000000000000000, RDI=0x00007fa8902659f8
R8 =0x00000000d70fbd60, R9 =0x0000000000000000, R10=0x00000000000000c8, R11=0x00007fa881406e58
R12=0x00007fa81c030510, R13=0x0000000000000000, R14=0x00007fa8589f57e0, R15=0x00007fa890265800
RIP=0x00007fa881069a7a, EFLAGS=0x0000000000010246, CSGSFS=0x0000000000000033, ERR=0x0000000000000004
  TRAPNO=0x000000000000000e

Top of Stack: (sp=0x00007fa832c1c7b8)
0x00007fa832c1c7b8:   00007fa8587d3ee1 00007fa85bc6f3d8
0x00007fa832c1c7c8:   00007fa81c030510 00007fa832c1c890
0x00007fa832c1c7d8:   00007fa832c1c860 0000000000000000
0x00007fa832c1c7e8:   00007fa8582b53c0 00007fa85bc6f3d8
0x00007fa832c1c7f8:   00007fa832c1c820 0000000000000000
0x00007fa832c1c808:   00007fa8582acf93 00007fa832c1c890
0x00007fa832c1c818:   00007fa8587cd11f 00007fa832c1c870
0x00007fa832c1c828:   00007fa881406ef6 0000000000000000
0x00007fa832c1c838:   00007fa88125c336 00007fa832c1c890
0x00007fa832c1c848:   00007fa88115572c 00000000d71b97f0
0x00007fa832c1c858:   00007fa8812a0c74 00000000d7110b70
0x00007fa832c1c868:   00000000d7146e40 00007fa832c1c8f0
0x00007fa832c1c878:   00007fa881007a90 00007fa832c1c8f0
0x00007fa832c1c888:   00007fa881007a90 0000000000000000
0x00007fa832c1c898:   00007fa881007dd0 00007fa820000e30
0x00007fa832c1c8a8:   00000000d71b97f0 00007fa832c1c8b0
0x00007fa832c1c8b8:   00007fa85bd60fbc 00007fa832c1c938
0x00007fa832c1c8c8:   00007fa85bd6a428 0000000000000000
0x00007fa832c1c8d8:   00007fa85bd610f8 00007fa832c1c890
0x00007fa832c1c8e8:   00007fa832c1c930 00007fa832c1c980
0x00007fa832c1c8f8:   00007fa8810082bd 0000000000000000
0x00007fa832c1c908:   00000000d85a8d00 0000000000000000
0x00007fa832c1c918:   0000000000000000 0000000000000000
0x00007fa832c1c928:   00000000d71b97f0 0000000000000000
0x00007fa832c1c938:   00000000d7147980 00007fa832c1c940
0x00007fa832c1c948:   00007fa85bd60dfd 00007fa832c1c990
0x00007fa832c1c958:   00007fa85bd6a428 0000000000000000
0x00007fa832c1c968:   00007fa85bd60e08 00007fa832c1c930
0x00007fa832c1c978:   00007fa832c1c990 00007fa832c1c9d8
0x00007fa832c1c988:   00007fa881008302 00000000d7147980
0x00007fa832c1c998:   00007fa832c1c998 00007fa85b82d99b
0x00007fa832c1c9a8:   00007fa832c1c9e8 00007fa85b8b5080 

Instructions: (pc=0x00007fa881069a7a)
0x00007fa881069a5a:   00 00 00 00 00 00 44 8b 15 61 72 9c 15 4c 8b ce
0x00007fa881069a6a:   41 f6 c2 01 0f 85 2e 00 00 00 4d 33 ca 4d 33 ca
0x00007fa881069a7a:   4d 8b 09 4c 8b da 49 c1 eb 02 4b 8b 04 19 49 bb
0x00007fa881069a8a:   c8 0c a3 96 a8 7f 00 00 4c 33 d8 4c 33 d8 45 3b 

Register to memory mapping:

RAX=0x00007fa8969f1240: <offset 0xf87240> in /usr/lib/jvm/java-8-oracle/jre/lib/amd64/server/libjvm.so at 0x00007fa895a6a000
RBX=0x00007fa8902659f8 is an unknown value
RCX=0x00007fa8974582c0: <offset 0x2182c0> in /lib/x86_64-linux-gnu/libpthread.so.0 at 0x00007fa897240000
RDX=0x0000000000000042 is an unknown value
RSP=0x00007fa832c1c7b8 is pointing into the stack for thread: 0x00007fa890265800
RBP=0x00007fa832c1c7e0 is pointing into the stack for thread: 0x00007fa890265800
RSI=0x0000000000000000 is an unknown value
RDI=0x00007fa8902659f8 is an unknown value
R8 =0x00000000d70fbd60 is an oop
sun.util.logging.PlatformLogger$Level 
 - klass: 'sun/util/logging/PlatformLogger$Level'
R9 =0x0000000000000000 is an unknown value
R10=0x00000000000000c8 is an unknown value
R11=0x00007fa881406e58 is at entry_point+24 in (nmethod*)0x00007fa881406cd0
R12=0x00007fa81c030510 is an unknown value
R13=0x0000000000000000 is an unknown value
R14=0x00007fa8589f57e0: <offset 0x2587e0> in /usr/lib/jvm/java-8-oracle/jre/lib/amd64/libawt_xawt.so at 0x00007fa85879d000
R15=0x00007fa890265800 is a thread


Stack: [0x00007fa832b1d000,0x00007fa832c1e000],  sp=0x00007fa832c1c7b8,  free space=1021k
Native frames: (J=compiled Java code, j=interpreted, Vv=VM code, C=native code)
v  ~BufferBlob::jni_fast_GetLongField
C  [libX11.so.6+0x643c0]  _XimServerDestroy+0x70

Java frames: (J=compiled Java code, j=interpreted, Vv=VM code)
J 1269  sun.awt.X11.XlibWrapper.XFilterEvent(JJ)Z (0 bytes) @ 0x00007fa881406e84 [0x00007fa881406e40+0x44]
j  sun.awt.X11.XToolkit.run(Z)V+300
j  sun.awt.X11.XToolkit.run()V+5
j  java.lang.Thread.run()V+11
v  ~StubRoutines::call_stub

---------------  P R O C E S S  ---------------

Java Threads: ( => current thread )
  0x00007fa81c03d000 JavaThread "TimerQueue" daemon [_thread_blocked, id=24480, stack(0x00007fa831761000,0x00007fa831862000)]
  0x00007fa890009800 JavaThread "DestroyJavaVM" [_thread_blocked, id=24456, stack(0x00007fa89755b000,0x00007fa89765c000)]
  0x00007fa890315800 JavaThread "AWT-EventQueue-0" [_thread_blocked, id=24479, stack(0x00007fa831c71000,0x00007fa831d72000)]
  0x00007fa8902c9800 JavaThread "AWT-Shutdown" [_thread_blocked, id=24478, stack(0x00007fa83271b000,0x00007fa83281c000)]
=>0x00007fa890265800 JavaThread "AWT-XAWT" daemon [_thread_in_native, id=24476, stack(0x00007fa832b1d000,0x00007fa832c1e000)]
  0x00007fa890240000 JavaThread "Java2D Disposer" daemon [_thread_blocked, id=24475, stack(0x00007fa83302e000,0x00007fa83312f000)]
  0x00007fa8900e4800 JavaThread "Service Thread" daemon [_thread_blocked, id=24473, stack(0x00007fa858dc9000,0x00007fa858eca000)]
  0x00007fa8900c7800 JavaThread "C1 CompilerThread3" daemon [_thread_blocked, id=24472, stack(0x00007fa858eca000,0x00007fa858fcb000)]
  0x00007fa8900c5800 JavaThread "C2 CompilerThread2" daemon [_thread_blocked, id=24471, stack(0x00007fa858fcb000,0x00007fa8590cc000)]
  0x00007fa8900c3800 JavaThread "C2 CompilerThread1" daemon [_thread_blocked, id=24470, stack(0x00007fa8590cc000,0x00007fa8591cd000)]
  0x00007fa8900c0800 JavaThread "C2 CompilerThread0" daemon [_thread_blocked, id=24469, stack(0x00007fa8591cd000,0x00007fa8592ce000)]
  0x00007fa8900bf000 JavaThread "Signal Dispatcher" daemon [_thread_in_vm, id=24468, stack(0x00007fa8592ce000,0x00007fa8593cf000)]
  0x00007fa89008c000 JavaThread "Finalizer" daemon [_thread_blocked, id=24467, stack(0x00007fa85991c000,0x00007fa859a1d000)]
  0x00007fa890087800 JavaThread "Reference Handler" daemon [_thread_blocked, id=24466, stack(0x00007fa859a1d000,0x00007fa859b1e000)]

Other Threads:
  0x00007fa890080000 VMThread [stack: 0x00007fa859b1e000,0x00007fa859c1f000] [id=24465]
  0x00007fa8900e8000 WatcherThread [stack: 0x00007fa858cc8000,0x00007fa858dc9000] [id=24474]

VM state:not at safepoint (normal execution)

VM Mutex/Monitor currently owned by a thread: None

Heap:
 PSYoungGen      total 36864K, used 26902K [0x00000000d6e00000, 0x00000000d9700000, 0x0000000100000000)
  eden space 31744K, 84% used [0x00000000d6e00000,0x00000000d88458e0,0x00000000d8d00000)
  from space 5120K, 0% used [0x00000000d9200000,0x00000000d9200000,0x00000000d9700000)
  to   space 5120K, 0% used [0x00000000d8d00000,0x00000000d8d00000,0x00000000d9200000)
 ParOldGen       total 84992K, used 0K [0x0000000084a00000, 0x0000000089d00000, 0x00000000d6e00000)
  object space 84992K, 0% used [0x0000000084a00000,0x0000000084a00000,0x0000000089d00000)
 Metaspace       used 16987K, capacity 17348K, committed 17664K, reserved 1064960K
  class space    used 2126K, capacity 2242K, committed 2304K, reserved 1048576K

Card table byte_map: [0x00007fa880c24000,0x00007fa881000000] byte_map_base: 0x00007fa8807ff000

Marking Bits: (ParMarkBitMap*) 0x00007fa896a2ff60
 Begin Bits: [0x00007fa860250000, 0x00007fa862128000)
 End Bits:   [0x00007fa862128000, 0x00007fa864000000)

Polling page: 0x00007fa89767f000

CodeCache: size=245760Kb used=7307Kb max_used=7311Kb free=238452Kb
 bounds [0x00007fa881000000, 0x00007fa881730000, 0x00007fa890000000]
 total_blobs=2644 nmethods=2059 adapters=496
 compilation: enabled

Compilation events (10 events):
Event: 8885,626 Thread 0x00007fa8900c7800 2113       3       sun.awt.X11.XNETProtocol::isStateChange (50 bytes)
Event: 8885,628 Thread 0x00007fa8900c7800 nmethod 2113 0x00007fa8811b5510 code [0x00007fa8811b5780, 0x00007fa8811b6778]
Event: 9482,896 Thread 0x00007fa8900c7800 2114       3       sun.awt.X11.XDecoratedPeer::handlePropertyNotify (51 bytes)
Event: 9482,897 Thread 0x00007fa8900c7800 nmethod 2114 0x00007fa881200f10 code [0x00007fa881201240, 0x00007fa881202b18]
Event: 10166,899 Thread 0x00007fa8900c7800 2115       3       sun.awt.X11.XWindowPeer::getNETWMState (24 bytes)
Event: 10166,900 Thread 0x00007fa8900c7800 nmethod 2115 0x00007fa8811b3d50 code [0x00007fa8811b3f60, 0x00007fa8811b4b78]
Event: 10166,900 Thread 0x00007fa8900c7800 2116       1       sun.awt.X11.WindowPropertyGetter::isDisposed (8 bytes)
Event: 10166,900 Thread 0x00007fa8900c7800 nmethod 2116 0x00007fa881121f50 code [0x00007fa8811220a0, 0x00007fa8811221b0]
Event: 12103,583 Thread 0x00007fa8900c7800 2118       3       sun.awt.XSettings$Update::needBytes (65 bytes)
Event: 12103,586 Thread 0x00007fa8900c7800 nmethod 2118 0x00007fa8811ffa90 code [0x00007fa8811ffce0, 0x00007fa881200998]

GC Heap History (0 events):
No events

Deoptimization events (10 events):
Event: 5,119 Thread 0x00007fa890315800 Uncommon trap: reason=unstable_if action=reinterpret pc=0x00007fa88122c868 method=java.lang.String.<init>([CII)V @ 18
Event: 5,252 Thread 0x00007fa890315800 Uncommon trap: reason=unstable_if action=reinterpret pc=0x00007fa8812b8098 method=java.util.HashMap.getNode(ILjava/lang/Object;)Ljava/util/HashMap$Node; @ 62
Event: 37,949 Thread 0x00007fa890315800 Uncommon trap: reason=unstable_if action=reinterpret pc=0x00007fa88134a534 method=java.awt.Component.isDisplayable()Z @ 4
Event: 43,447 Thread 0x00007fa890315800 Uncommon trap: reason=unstable_if action=reinterpret pc=0x00007fa88161bc84 method=java.awt.Component.getInputContext()Ljava/awt/im/InputContext; @ 6
Event: 43,459 Thread 0x00007fa890315800 Uncommon trap: reason=unstable_if action=reinterpret pc=0x00007fa881607650 method=javax.swing.SwingUtilities.computeIntersection(IIIILjava/awt/Rectangle;)Ljava/awt/Rectangle; @ 62
Event: 47,807 Thread 0x00007fa890315800 Uncommon trap: reason=class_check action=maybe_recompile pc=0x00007fa88168177c method=java.awt.EventQueue.coalesceEvent(Ljava/awt/AWTEvent;I)Z @ 77
Event: 47,838 Thread 0x00007fa890315800 Uncommon trap: reason=class_check action=maybe_recompile pc=0x00007fa88168177c method=java.awt.EventQueue.coalesceEvent(Ljava/awt/AWTEvent;I)Z @ 77
Event: 47,886 Thread 0x00007fa890315800 Uncommon trap: reason=class_check action=maybe_recompile pc=0x00007fa88168177c method=java.awt.EventQueue.coalesceEvent(Ljava/awt/AWTEvent;I)Z @ 77
Event: 47,914 Thread 0x00007fa890315800 Uncommon trap: reason=class_check action=maybe_recompile pc=0x00007fa88168177c method=java.awt.EventQueue.coalesceEvent(Ljava/awt/AWTEvent;I)Z @ 77
Event: 54,880 Thread 0x00007fa890315800 Uncommon trap: reason=unstable_if action=reinterpret pc=0x00007fa88157ae10 method=java.awt.Container$MouseEventTargetFilter.accept(Ljava/awt/Component;)Z @ 57

Internal exceptions (10 events):
Event: 0,130 Thread 0x00007fa890009800 Exception <a 'java/lang/NoSuchFieldError': method resolution failed> (0x00000000d7017318) thrown at [/HUDSON/workspace/8-2-build-linux-amd64/jdk8u131/8869/hotspot/src/share/vm/prims/methodHandles.cpp, line 1146]
Event: 0,153 Thread 0x00007fa890009800 Exception <a 'java/io/FileNotFoundException'> (0x00000000d7098150) thrown at [/HUDSON/workspace/8-2-build-linux-amd64/jdk8u131/8869/hotspot/src/share/vm/prims/jni.cpp, line 709]
Event: 0,153 Thread 0x00007fa890009800 Exception <a 'java/io/FileNotFoundException'> (0x00000000d7098bf8) thrown at [/HUDSON/workspace/8-2-build-linux-amd64/jdk8u131/8869/hotspot/src/share/vm/prims/jni.cpp, line 709]
Event: 0,155 Thread 0x00007fa890009800 Implicit null exception at 0x00007fa881150ee2 to 0x00007fa8811510b5
Event: 0,627 Thread 0x00007fa890315800 Exception <a 'java/lang/UnsupportedOperationException': > (0x00000000d78e8588) thrown at [/HUDSON/workspace/8-2-build-linux-amd64/jdk8u131/8869/hotspot/src/share/vm/prims/jni.cpp, line 735]
Event: 5,431 Thread 0x00007fa890315800 Exception <a 'java/lang/UnsupportedOperationException': > (0x00000000d7f8eca0) thrown at [/HUDSON/workspace/8-2-build-linux-amd64/jdk8u131/8869/hotspot/src/share/vm/prims/jni.cpp, line 735]
Event: 38,027 Thread 0x00007fa890315800 Exception <a 'java/lang/UnsupportedOperationException': > (0x00000000d83e25f0) thrown at [/HUDSON/workspace/8-2-build-linux-amd64/jdk8u131/8869/hotspot/src/share/vm/prims/jni.cpp, line 735]
Event: 43,531 Thread 0x00007fa890315800 Exception <a 'java/lang/UnsupportedOperationException': > (0x00000000d853f250) thrown at [/HUDSON/workspace/8-2-build-linux-amd64/jdk8u131/8869/hotspot/src/share/vm/prims/jni.cpp, line 735]
Event: 54,373 Thread 0x00007fa890315800 Exception <a 'java/lang/UnsupportedOperationException': > (0x00000000d86a93d0) thrown at [/HUDSON/workspace/8-2-build-linux-amd64/jdk8u131/8869/hotspot/src/share/vm/prims/jni.cpp, line 735]
Event: 238,563 Thread 0x00007fa890315800 Exception <a 'java/lang/UnsupportedOperationException': > (0x00000000d874da98) thrown at [/HUDSON/workspace/8-2-build-linux-amd64/jdk8u131/8869/hotspot/src/share/vm/prims/jni.cpp, line 735]

Events (10 events):
Event: 756,427 Thread 0x00007fa8900c7800 flushing nmethod 0x00007fa881214650
Event: 756,427 Thread 0x00007fa8900c7800 flushing nmethod 0x00007fa88121a1d0
Event: 756,427 Thread 0x00007fa8900c7800 flushing nmethod 0x00007fa881222010
Event: 756,427 Thread 0x00007fa8900c7800 flushing nmethod 0x00007fa88122c490
Event: 756,427 Thread 0x00007fa8900c7800 flushing nmethod 0x00007fa88122f890
Event: 756,427 Thread 0x00007fa8900c7800 flushing nmethod 0x00007fa881241950
Event: 1974,494 Thread 0x00007fa8900c7800 flushing nmethod 0x00007fa8812520d0
Event: 4598,819 Thread 0x00007fa8900c7800 flushing nmethod 0x00007fa8812d18d0
Event: 12103,583 loading class sun/awt/X11/XAWTXSettings$1
Event: 12103,602 loading class sun/awt/X11/XAWTXSettings$1 done


Dynamic libraries:
00400000-00401000 r-xp 00000000 08:05 20448114                           /usr/lib/jvm/java-8-oracle/bin/java
00600000-00601000 rw-p 00000000 08:05 20448114                           /usr/lib/jvm/java-8-oracle/bin/java
00fd0000-00ff1000 rw-p 00000000 00:00 0                                  [heap]
84a00000-89d00000 rw-p 00000000 00:00 0 
89d00000-d6e00000 ---p 00000000 00:00 0 
d6e00000-d9700000 rw-p 00000000 00:00 0 
d9700000-100000000 ---p 00000000 00:00 0 
100000000-100240000 rw-p 00000000 00:00 0 
100240000-140000000 ---p 00000000 00:00 0 
7fa810000000-7fa810021000 rw-p 00000000 00:00 0 
7fa810021000-7fa814000000 ---p 00000000 00:00 0 
7fa818000000-7fa818021000 rw-p 00000000 00:00 0 
7fa818021000-7fa81c000000 ---p 00000000 00:00 0 
7fa81c000000-7fa81c2d0000 rw-p 00000000 00:00 0 
7fa81c2d0000-7fa820000000 ---p 00000000 00:00 0 
7fa820000000-7fa82002a000 rw-p 00000000 00:00 0 
7fa82002a000-7fa824000000 ---p 00000000 00:00 0 
7fa824000000-7fa824099000 rw-p 00000000 00:00 0 
7fa824099000-7fa828000000 ---p 00000000 00:00 0 
7fa828000000-7fa828021000 rw-p 00000000 00:00 0 
7fa828021000-7fa82c000000 ---p 00000000 00:00 0 
7fa82c000000-7fa82c021000 rw-p 00000000 00:00 0 
7fa82c021000-7fa830000000 ---p 00000000 00:00 0 
7fa831361000-7fa831461000 rw-p 00000000 00:00 0 
7fa831461000-7fa831561000 ---p 00000000 00:00 0 
7fa831561000-7fa831761000 rw-p 00000000 00:00 0 
7fa831761000-7fa831764000 ---p 00000000 00:00 0 
7fa831764000-7fa831862000 rw-p 00000000 00:00 0 
7fa831862000-7fa831a71000 rw-s 00000000 00:05 4948005                    /SYSV00000000 (deleted)
7fa831a71000-7fa831c71000 rw-p 00000000 00:00 0 
7fa831c71000-7fa831c74000 ---p 00000000 00:00 0 
7fa831c74000-7fa831d72000 rw-p 00000000 00:00 0 
7fa831d72000-7fa831ddb000 r-xp 00000000 08:05 22151505                   /usr/lib/jvm/java-8-oracle/jre/lib/amd64/libt2k.so
7fa831ddb000-7fa831fdb000 ---p 00069000 08:05 22151505                   /usr/lib/jvm/java-8-oracle/jre/lib/amd64/libt2k.so
7fa831fdb000-7fa831fe2000 rw-p 00069000 08:05 22151505                   /usr/lib/jvm/java-8-oracle/jre/lib/amd64/libt2k.so
7fa831fe2000-7fa831ff2000 rw-p 00000000 00:00 0 
7fa831ff2000-7fa832003000 r-xp 00000000 08:05 22151592                   /usr/lib/jvm/java-8-oracle/jre/lib/amd64/libnio.so
7fa832003000-7fa832202000 ---p 00011000 08:05 22151592                   /usr/lib/jvm/java-8-oracle/jre/lib/amd64/libnio.so
7fa832202000-7fa832203000 rw-p 00010000 08:05 22151592                   /usr/lib/jvm/java-8-oracle/jre/lib/amd64/libnio.so
7fa832203000-7fa832504000 rw-p 00000000 00:00 0 
7fa832504000-7fa83251a000 r-xp 00000000 08:05 22151543                   /usr/lib/jvm/java-8-oracle/jre/lib/amd64/libnet.so
7fa83251a000-7fa83271a000 ---p 00016000 08:05 22151543                   /usr/lib/jvm/java-8-oracle/jre/lib/amd64/libnet.so
7fa83271a000-7fa83271b000 rw-p 00016000 08:05 22151543                   /usr/lib/jvm/java-8-oracle/jre/lib/amd64/libnet.so
7fa83271b000-7fa83271e000 ---p 00000000 00:00 0 
7fa83271e000-7fa832a1c000 rw-p 00000000 00:00 0 
7fa832a1c000-7fa832a1f000 ---p 00000000 00:00 0 
7fa832a1f000-7fa832b1d000 rw-p 00000000 00:00 0 
7fa832b1d000-7fa832b20000 ---p 00000000 00:00 0 
7fa832b20000-7fa832c1e000 rw-p 00000000 00:00 0 
7fa832c1e000-7fa832c23000 r-xp 00000000 08:05 20324110                   /usr/lib/x86_64-linux-gnu/libXfixes.so.3.1.0
7fa832c23000-7fa832e22000 ---p 00005000 08:05 20324110                   /usr/lib/x86_64-linux-gnu/libXfixes.so.3.1.0
7fa832e22000-7fa832e23000 r--p 00004000 08:05 20324110                   /usr/lib/x86_64-linux-gnu/libXfixes.so.3.1.0
7fa832e23000-7fa832e24000 rw-p 00005000 08:05 20324110                   /usr/lib/x86_64-linux-gnu/libXfixes.so.3.1.0
7fa832e24000-7fa832e2d000 r-xp 00000000 08:05 20324102                   /usr/lib/x86_64-linux-gnu/libXcursor.so.1.0.2
7fa832e2d000-7fa83302c000 ---p 00009000 08:05 20324102                   /usr/lib/x86_64-linux-gnu/libXcursor.so.1.0.2
7fa83302c000-7fa83302d000 r--p 00008000 08:05 20324102                   /usr/lib/x86_64-linux-gnu/libXcursor.so.1.0.2
7fa83302d000-7fa83302e000 rw-p 00009000 08:05 20324102                   /usr/lib/x86_64-linux-gnu/libXcursor.so.1.0.2
7fa83302e000-7fa833031000 ---p 00000000 00:00 0 
7fa833031000-7fa83312f000 rw-p 00000000 00:00 0 
7fa83312f000-7fa833145000 r-xp 00000000 08:05 25301380                   /lib/x86_64-linux-gnu/libgcc_s.so.1
7fa833145000-7fa833344000 ---p 00016000 08:05 25301380                   /lib/x86_64-linux-gnu/libgcc_s.so.1
7fa833344000-7fa833345000 rw-p 00015000 08:05 25301380                   /lib/x86_64-linux-gnu/libgcc_s.so.1
7fa833345000-7fa8333aa000 r-xp 00000000 08:05 22151524                   /usr/lib/jvm/java-8-oracle/jre/lib/amd64/libfontmanager.so
7fa8333aa000-7fa8335a9000 ---p 00065000 08:05 22151524                   /usr/lib/jvm/java-8-oracle/jre/lib/amd64/libfontmanager.so
7fa8335a9000-7fa8335ae000 rw-p 00064000 08:05 22151524                   /usr/lib/jvm/java-8-oracle/jre/lib/amd64/libfontmanager.so
7fa8335ae000-7fa8335be000 rw-p 00000000 00:00 0 
7fa8335be000-7fa8335c3000 r-xp 00000000 08:05 20324106                   /usr/lib/x86_64-linux-gnu/libXdmcp.so.6.0.0
7fa8335c3000-7fa8337c2000 ---p 00005000 08:05 20324106                   /usr/lib/x86_64-linux-gnu/libXdmcp.so.6.0.0
7fa8337c2000-7fa8337c3000 r--p 00004000 08:05 20324106                   /usr/lib/x86_64-linux-gnu/libXdmcp.so.6.0.0
7fa8337c3000-7fa8337c4000 rw-p 00005000 08:05 20324106                   /usr/lib/x86_64-linux-gnu/libXdmcp.so.6.0.0
7fa8337c4000-7fa8337c6000 r-xp 00000000 08:05 20324095                   /usr/lib/x86_64-linux-gnu/libXau.so.6.0.0
7fa8337c6000-7fa8339c6000 ---p 00002000 08:05 20324095                   /usr/lib/x86_64-linux-gnu/libXau.so.6.0.0
7fa8339c6000-7fa8339c7000 r--p 00002000 08:05 20324095                   /usr/lib/x86_64-linux-gnu/libXau.so.6.0.0
7fa8339c7000-7fa8339c8000 rw-p 00003000 08:05 20324095                   /usr/lib/x86_64-linux-gnu/libXau.so.6.0.0
7fa8339c8000-7fa8339e9000 r-xp 00000000 08:05 20325473                   /usr/lib/x86_64-linux-gnu/libxcb.so.1.1.0
7fa8339e9000-7fa833be8000 ---p 00021000 08:05 20325473                   /usr/lib/x86_64-linux-gnu/libxcb.so.1.1.0
7fa833be8000-7fa833be9000 r--p 00020000 08:05 20325473                   /usr/lib/x86_64-linux-gnu/libxcb.so.1.1.0
7fa833be9000-7fa833bea000 rw-p 00021000 08:05 20325473                   /usr/lib/x86_64-linux-gnu/libxcb.so.1.1.0
7fa833bea000-7fa833bf9000 r-xp 00000000 08:05 20324116                   /usr/lib/x86_64-linux-gnu/libXi.so.6.1.0
7fa833bf9000-7fa833df8000 ---p 0000f000 08:05 20324116                   /usr/lib/x86_64-linux-gnu/libXi.so.6.1.0
7fa833df8000-7fa833df9000 r--p 0000e000 08:05 20324116                   /usr/lib/x86_64-linux-gnu/libXi.so.6.1.0
7fa833df9000-7fa833dfa000 rw-p 0000f000 08:05 20324116                   /usr/lib/x86_64-linux-gnu/libXi.so.6.1.0
7fa833dfa000-7fa833dff000 r-xp 00000000 08:05 20324134                   /usr/lib/x86_64-linux-gnu/libXtst.so.6.1.0
7fa833dff000-7fa833ffe000 ---p 00005000 08:05 20324134                   /usr/lib/x86_64-linux-gnu/libXtst.so.6.1.0
7fa833ffe000-7fa833fff000 r--p 00004000 08:05 20324134                   /usr/lib/x86_64-linux-gnu/libXtst.so.6.1.0
7fa833fff000-7fa834000000 rw-p 00005000 08:05 20324134                   /usr/lib/x86_64-linux-gnu/libXtst.so.6.1.0
7fa834000000-7fa834818000 rw-p 00000000 00:00 0 
7fa834818000-7fa838000000 ---p 00000000 00:00 0 
7fa838000000-7fa838021000 rw-p 00000000 00:00 0 
7fa838021000-7fa83c000000 ---p 00000000 00:00 0 
7fa83c000000-7fa83c991000 rw-p 00000000 00:00 0 
7fa83c991000-7fa840000000 ---p 00000000 00:00 0 
7fa840000000-7fa8409bc000 rw-p 00000000 00:00 0 
7fa8409bc000-7fa844000000 ---p 00000000 00:00 0 
7fa844000000-7fa844021000 rw-p 00000000 00:00 0 
7fa844021000-7fa848000000 ---p 00000000 00:00 0 
7fa848000000-7fa848a0f000 rw-p 00000000 00:00 0 
7fa848a0f000-7fa84c000000 ---p 00000000 00:00 0 
7fa84c000000-7fa84c021000 rw-p 00000000 00:00 0 
7fa84c021000-7fa850000000 ---p 00000000 00:00 0 
7fa850000000-7fa850021000 rw-p 00000000 00:00 0 
7fa850021000-7fa854000000 ---p 00000000 00:00 0 
7fa854000000-7fa854021000 rw-p 00000000 00:00 0 
7fa854021000-7fa858000000 ---p 00000000 00:00 0 
7fa85800f000-7fa858022000 r--s 00345000 08:05 21635606                   /usr/lib/jvm/java-8-oracle/jre/lib/resources.jar
7fa858022000-7fa858047000 r--p 00000000 08:05 22283637                   /usr/share/locale-langpack/es/LC_MESSAGES/libc.mo
7fa858047000-7fa858050000 r-xp 00000000 08:05 20324128                   /usr/lib/x86_64-linux-gnu/libXrender.so.1.3.0
7fa858050000-7fa85824f000 ---p 00009000 08:05 20324128                   /usr/lib/x86_64-linux-gnu/libXrender.so.1.3.0
7fa85824f000-7fa858250000 r--p 00008000 08:05 20324128                   /usr/lib/x86_64-linux-gnu/libXrender.so.1.3.0
7fa858250000-7fa858251000 rw-p 00009000 08:05 20324128                   /usr/lib/x86_64-linux-gnu/libXrender.so.1.3.0
7fa858251000-7fa858386000 r-xp 00000000 08:05 20324091                   /usr/lib/x86_64-linux-gnu/libX11.so.6.3.0
7fa858386000-7fa858586000 ---p 00135000 08:05 20324091                   /usr/lib/x86_64-linux-gnu/libX11.so.6.3.0
7fa858586000-7fa858587000 r--p 00135000 08:05 20324091                   /usr/lib/x86_64-linux-gnu/libX11.so.6.3.0
7fa858587000-7fa85858b000 rw-p 00136000 08:05 20324091                   /usr/lib/x86_64-linux-gnu/libX11.so.6.3.0
7fa85858b000-7fa85859c000 r-xp 00000000 08:05 20324108                   /usr/lib/x86_64-linux-gnu/libXext.so.6.4.0
7fa85859c000-7fa85879b000 ---p 00011000 08:05 20324108                   /usr/lib/x86_64-linux-gnu/libXext.so.6.4.0
7fa85879b000-7fa85879c000 r--p 00010000 08:05 20324108                   /usr/lib/x86_64-linux-gnu/libXext.so.6.4.0
7fa85879c000-7fa85879d000 rw-p 00011000 08:05 20324108                   /usr/lib/x86_64-linux-gnu/libXext.so.6.4.0
7fa85879d000-7fa8587f1000 r-xp 00000000 08:05 22151596                   /usr/lib/jvm/java-8-oracle/jre/lib/amd64/libawt_xawt.so
7fa8587f1000-7fa8589f1000 ---p 00054000 08:05 22151596                   /usr/lib/jvm/java-8-oracle/jre/lib/amd64/libawt_xawt.so
7fa8589f1000-7fa8589f5000 rw-p 00054000 08:05 22151596                   /usr/lib/jvm/java-8-oracle/jre/lib/amd64/libawt_xawt.so
7fa8589f5000-7fa8589f6000 rw-p 00000000 00:00 0 
7fa8589f6000-7fa858a98000 r-xp 00000000 08:05 22151536                   /usr/lib/jvm/java-8-oracle/jre/lib/amd64/libawt.so
7fa858a98000-7fa858c98000 ---p 000a2000 08:05 22151536                   /usr/lib/jvm/java-8-oracle/jre/lib/amd64/libawt.so
7fa858c98000-7fa858ca4000 rw-p 000a2000 08:05 22151536                   /usr/lib/jvm/java-8-oracle/jre/lib/amd64/libawt.so
7fa858ca4000-7fa858cc8000 rw-p 00000000 00:00 0 
7fa858cc8000-7fa858cc9000 ---p 00000000 00:00 0 
7fa858cc9000-7fa858dc9000 rw-p 00000000 00:00 0 
7fa858dc9000-7fa858dcc000 ---p 00000000 00:00 0 
7fa858dcc000-7fa858eca000 rw-p 00000000 00:00 0 
7fa858eca000-7fa858ecd000 ---p 00000000 00:00 0 
7fa858ecd000-7fa858fcb000 rw-p 00000000 00:00 0 
7fa858fcb000-7fa858fce000 ---p 00000000 00:00 0 
7fa858fce000-7fa8590cc000 rw-p 00000000 00:00 0 
7fa8590cc000-7fa8590cf000 ---p 00000000 00:00 0 
7fa8590cf000-7fa8591cd000 rw-p 00000000 00:00 0 
7fa8591cd000-7fa8591d0000 ---p 00000000 00:00 0 
7fa8591d0000-7fa8592ce000 rw-p 00000000 00:00 0 
7fa8592ce000-7fa8592d1000 ---p 00000000 00:00 0 
7fa8592d1000-7fa8593cf000 rw-p 00000000 00:00 0 
7fa8593cf000-7fa85991c000 r--p 00000000 08:05 20316952                   /usr/lib/locale/locale-archive
7fa85991c000-7fa85991f000 ---p 00000000 00:00 0 
7fa85991f000-7fa859a1d000 rw-p 00000000 00:00 0 
7fa859a1d000-7fa859a20000 ---p 00000000 00:00 0 
7fa859a20000-7fa859b1e000 rw-p 00000000 00:00 0 
7fa859b1e000-7fa859b1f000 ---p 00000000 00:00 0 
7fa859b1f000-7fa85c000000 rw-p 00000000 00:00 0 
7fa85c000000-7fa85c021000 rw-p 00000000 00:00 0 
7fa85c021000-7fa860000000 ---p 00000000 00:00 0 
7fa860001000-7fa8601da000 r--s 03d40000 08:05 21635598                   /usr/lib/jvm/java-8-oracle/jre/lib/rt.jar
7fa8601da000-7fa864000000 rw-p 00000000 00:00 0 
7fa864000000-7fa864021000 rw-p 00000000 00:00 0 
7fa864021000-7fa868000000 ---p 00000000 00:00 0 
7fa868000000-7fa868021000 rw-p 00000000 00:00 0 
7fa868021000-7fa86c000000 ---p 00000000 00:00 0 
7fa86c000000-7fa86c021000 rw-p 00000000 00:00 0 
7fa86c021000-7fa870000000 ---p 00000000 00:00 0 
7fa870000000-7fa870021000 rw-p 00000000 00:00 0 
7fa870021000-7fa874000000 ---p 00000000 00:00 0 
7fa874000000-7fa874021000 rw-p 00000000 00:00 0 
7fa874021000-7fa878000000 ---p 00000000 00:00 0 
7fa878000000-7fa878021000 rw-p 00000000 00:00 0 
7fa878021000-7fa87c000000 ---p 00000000 00:00 0 
7fa87c000000-7fa87c021000 rw-p 00000000 00:00 0 
7fa87c021000-7fa880000000 ---p 00000000 00:00 0 
7fa880004000-7fa880020000 r--s 00393000 08:05 21898916                   /usr/lib/jvm/java-8-oracle/jre/lib/ext/cldrdata.jar
7fa880020000-7fa88041c000 rw-p 00000000 00:00 0 
7fa88041c000-7fa88041d000 ---p 00000000 00:00 0 
7fa88041d000-7fa88051d000 rw-p 00000000 00:00 0 
7fa88051d000-7fa88051e000 ---p 00000000 00:00 0 
7fa88051e000-7fa88061e000 rw-p 00000000 00:00 0 
7fa88061e000-7fa88061f000 ---p 00000000 00:00 0 
7fa88061f000-7fa88071f000 rw-p 00000000 00:00 0 
7fa88071f000-7fa880720000 ---p 00000000 00:00 0 
7fa880720000-7fa880820000 rw-p 00000000 00:00 0 
7fa880820000-7fa880821000 ---p 00000000 00:00 0 
7fa880821000-7fa880921000 rw-p 00000000 00:00 0 
7fa880921000-7fa880922000 ---p 00000000 00:00 0 
7fa880922000-7fa880a22000 rw-p 00000000 00:00 0 
7fa880a22000-7fa880a23000 ---p 00000000 00:00 0 
7fa880a23000-7fa880b23000 rw-p 00000000 00:00 0 
7fa880b23000-7fa880b24000 ---p 00000000 00:00 0 
7fa880b24000-7fa880c4e000 rw-p 00000000 00:00 0 
7fa880c4e000-7fa880eb6000 ---p 00000000 00:00 0 
7fa880eb6000-7fa880ecb000 rw-p 00000000 00:00 0 
7fa880ecb000-7fa880fff000 ---p 00000000 00:00 0 
7fa880fff000-7fa881000000 rw-p 00000000 00:00 0 
7fa881000000-7fa881730000 rwxp 00000000 00:00 0 
7fa881730000-7fa890000000 ---p 00000000 00:00 0 
7fa890000000-7fa890477000 rw-p 00000000 00:00 0 
7fa890477000-7fa894000000 ---p 00000000 00:00 0 
7fa894002000-7fa89409c000 rw-p 00000000 00:00 0 
7fa89409c000-7fa894304000 ---p 00000000 00:00 0 
7fa894304000-7fa894321000 rw-p 00000000 00:00 0 
7fa894321000-7fa8946c4000 ---p 00000000 00:00 0 
7fa8946c4000-7fa8946de000 r-xp 00000000 08:05 22151539                   /usr/lib/jvm/java-8-oracle/jre/lib/amd64/libzip.so
7fa8946de000-7fa8948de000 ---p 0001a000 08:05 22151539                   /usr/lib/jvm/java-8-oracle/jre/lib/amd64/libzip.so
7fa8948de000-7fa8948df000 rw-p 0001a000 08:05 22151539                   /usr/lib/jvm/java-8-oracle/jre/lib/amd64/libzip.so
7fa8948df000-7fa8948ea000 r-xp 00000000 08:05 25299654                   /lib/x86_64-linux-gnu/libnss_files-2.23.so
7fa8948ea000-7fa894ae9000 ---p 0000b000 08:05 25299654                   /lib/x86_64-linux-gnu/libnss_files-2.23.so
7fa894ae9000-7fa894aea000 r--p 0000a000 08:05 25299654                   /lib/x86_64-linux-gnu/libnss_files-2.23.so
7fa894aea000-7fa894aeb000 rw-p 0000b000 08:05 25299654                   /lib/x86_64-linux-gnu/libnss_files-2.23.so
7fa894aeb000-7fa894af1000 rw-p 00000000 00:00 0 
7fa894af1000-7fa894afc000 r-xp 00000000 08:05 25299647                   /lib/x86_64-linux-gnu/libnss_nis-2.23.so
7fa894afc000-7fa894cfb000 ---p 0000b000 08:05 25299647                   /lib/x86_64-linux-gnu/libnss_nis-2.23.so
7fa894cfb000-7fa894cfc000 r--p 0000a000 08:05 25299647                   /lib/x86_64-linux-gnu/libnss_nis-2.23.so
7fa894cfc000-7fa894cfd000 rw-p 0000b000 08:05 25299647                   /lib/x86_64-linux-gnu/libnss_nis-2.23.so
7fa894cfd000-7fa894d13000 r-xp 00000000 08:05 25299649                   /lib/x86_64-linux-gnu/libnsl-2.23.so
7fa894d13000-7fa894f12000 ---p 00016000 08:05 25299649                   /lib/x86_64-linux-gnu/libnsl-2.23.so
7fa894f12000-7fa894f13000 r--p 00015000 08:05 25299649                   /lib/x86_64-linux-gnu/libnsl-2.23.so
7fa894f13000-7fa894f14000 rw-p 00016000 08:05 25299649                   /lib/x86_64-linux-gnu/libnsl-2.23.so
7fa894f14000-7fa894f16000 rw-p 00000000 00:00 0 
7fa894f16000-7fa894f1e000 r-xp 00000000 08:05 25299656                   /lib/x86_64-linux-gnu/libnss_compat-2.23.so
7fa894f1e000-7fa89511d000 ---p 00008000 08:05 25299656                   /lib/x86_64-linux-gnu/libnss_compat-2.23.so
7fa89511d000-7fa89511e000 r--p 00007000 08:05 25299656                   /lib/x86_64-linux-gnu/libnss_compat-2.23.so
7fa89511e000-7fa89511f000 rw-p 00008000 08:05 25299656                   /lib/x86_64-linux-gnu/libnss_compat-2.23.so
7fa89511f000-7fa89514a000 r-xp 00000000 08:05 22151533                   /usr/lib/jvm/java-8-oracle/jre/lib/amd64/libjava.so
7fa89514a000-7fa895349000 ---p 0002b000 08:05 22151533                   /usr/lib/jvm/java-8-oracle/jre/lib/amd64/libjava.so
7fa895349000-7fa89534b000 rw-p 0002a000 08:05 22151533                   /usr/lib/jvm/java-8-oracle/jre/lib/amd64/libjava.so
7fa89534b000-7fa895358000 r-xp 00000000 08:05 22151538                   /usr/lib/jvm/java-8-oracle/jre/lib/amd64/libverify.so
7fa895358000-7fa895557000 ---p 0000d000 08:05 22151538                   /usr/lib/jvm/java-8-oracle/jre/lib/amd64/libverify.so
7fa895557000-7fa895559000 rw-p 0000c000 08:05 22151538                   /usr/lib/jvm/java-8-oracle/jre/lib/amd64/libverify.so
7fa895559000-7fa895560000 r-xp 00000000 08:05 25299657                   /lib/x86_64-linux-gnu/librt-2.23.so
7fa895560000-7fa89575f000 ---p 00007000 08:05 25299657                   /lib/x86_64-linux-gnu/librt-2.23.so
7fa89575f000-7fa895760000 r--p 00006000 08:05 25299657                   /lib/x86_64-linux-gnu/librt-2.23.so
7fa895760000-7fa895761000 rw-p 00007000 08:05 25299657                   /lib/x86_64-linux-gnu/librt-2.23.so
7fa895761000-7fa895869000 r-xp 00000000 08:05 25299648                   /lib/x86_64-linux-gnu/libm-2.23.so
7fa895869000-7fa895a68000 ---p 00108000 08:05 25299648                   /lib/x86_64-linux-gnu/libm-2.23.so
7fa895a68000-7fa895a69000 r--p 00107000 08:05 25299648                   /lib/x86_64-linux-gnu/libm-2.23.so
7fa895a69000-7fa895a6a000 rw-p 00108000 08:05 25299648                   /lib/x86_64-linux-gnu/libm-2.23.so
7fa895a6a000-7fa896739000 r-xp 00000000 08:05 22151515                   /usr/lib/jvm/java-8-oracle/jre/lib/amd64/server/libjvm.so
7fa896739000-7fa896939000 ---p 00ccf000 08:05 22151515                   /usr/lib/jvm/java-8-oracle/jre/lib/amd64/server/libjvm.so
7fa896939000-7fa896a12000 rw-p 00ccf000 08:05 22151515                   /usr/lib/jvm/java-8-oracle/jre/lib/amd64/server/libjvm.so
7fa896a12000-7fa896a5d000 rw-p 00000000 00:00 0 
7fa896a5d000-7fa896c1c000 r-xp 00000000 08:05 25299650                   /lib/x86_64-linux-gnu/libc-2.23.so
7fa896c1c000-7fa896e1c000 ---p 001bf000 08:05 25299650                   /lib/x86_64-linux-gnu/libc-2.23.so
7fa896e1c000-7fa896e20000 r--p 001bf000 08:05 25299650                   /lib/x86_64-linux-gnu/libc-2.23.so
7fa896e20000-7fa896e22000 rw-p 001c3000 08:05 25299650                   /lib/x86_64-linux-gnu/libc-2.23.so
7fa896e22000-7fa896e26000 rw-p 00000000 00:00 0 
7fa896e26000-7fa896e29000 r-xp 00000000 08:05 25299646                   /lib/x86_64-linux-gnu/libdl-2.23.so
7fa896e29000-7fa897028000 ---p 00003000 08:05 25299646                   /lib/x86_64-linux-gnu/libdl-2.23.so
7fa897028000-7fa897029000 r--p 00002000 08:05 25299646                   /lib/x86_64-linux-gnu/libdl-2.23.so
7fa897029000-7fa89702a000 rw-p 00003000 08:05 25299646                   /lib/x86_64-linux-gnu/libdl-2.23.so
7fa89702a000-7fa89703f000 r-xp 00000000 08:05 21499703                   /usr/lib/jvm/java-8-oracle/lib/amd64/jli/libjli.so
7fa89703f000-7fa89723f000 ---p 00015000 08:05 21499703                   /usr/lib/jvm/java-8-oracle/lib/amd64/jli/libjli.so
7fa89723f000-7fa897240000 rw-p 00015000 08:05 21499703                   /usr/lib/jvm/java-8-oracle/lib/amd64/jli/libjli.so
7fa897240000-7fa897258000 r-xp 00000000 08:05 25299661                   /lib/x86_64-linux-gnu/libpthread-2.23.so
7fa897258000-7fa897457000 ---p 00018000 08:05 25299661                   /lib/x86_64-linux-gnu/libpthread-2.23.so
7fa897457000-7fa897458000 r--p 00017000 08:05 25299661                   /lib/x86_64-linux-gnu/libpthread-2.23.so
7fa897458000-7fa897459000 rw-p 00018000 08:05 25299661                   /lib/x86_64-linux-gnu/libpthread-2.23.so
7fa897459000-7fa89745d000 rw-p 00000000 00:00 0 
7fa89745d000-7fa897483000 r-xp 00000000 08:05 25299651                   /lib/x86_64-linux-gnu/ld-2.23.so
7fa897488000-7fa897490000 r--s 00045000 08:05 5374784                    /home/lucia/.p2/pool/plugins/org.junit_4.12.0.v201504281640/junit.jar
7fa897490000-7fa89755b000 rw-p 00000000 00:00 0 
7fa89755b000-7fa89755e000 ---p 00000000 00:00 0 
7fa89755e000-7fa897660000 rw-p 00000000 00:00 0 
7fa897662000-7fa897664000 r--s 0000c000 08:05 5245346                    /home/lucia/.p2/pool/plugins/org.hamcrest.core_1.3.0.v201303031735.jar
7fa897664000-7fa89766e000 r--s 00116000 08:05 21898923                   /usr/lib/jvm/java-8-oracle/jre/lib/ext/localedata.jar
7fa89766e000-7fa89766f000 r--s 0000b000 08:05 7083420                    /home/lucia/Documentos/segundo/pr/padsof/p3/moon/lib/EmailSystem.jar
7fa89766f000-7fa897676000 r--s 00000000 08:05 20581754                   /usr/lib/x86_64-linux-gnu/gconv/gconv-modules.cache
7fa897676000-7fa89767e000 rw-s 00000000 08:05 12583198                   /tmp/hsperfdata_lucia/24450
7fa89767e000-7fa89767f000 rw-p 00000000 00:00 0 
7fa89767f000-7fa897680000 r--p 00000000 00:00 0 
7fa897680000-7fa897682000 rw-p 00000000 00:00 0 
7fa897682000-7fa897683000 r--p 00025000 08:05 25299651                   /lib/x86_64-linux-gnu/ld-2.23.so
7fa897683000-7fa897684000 rw-p 00026000 08:05 25299651                   /lib/x86_64-linux-gnu/ld-2.23.so
7fa897684000-7fa897685000 rw-p 00000000 00:00 0 
7ffe764ff000-7ffe76521000 rw-p 00000000 00:00 0                          [stack]
7ffe76569000-7ffe7656b000 r--p 00000000 00:00 0                          [vvar]
7ffe7656b000-7ffe7656d000 r-xp 00000000 00:00 0                          [vdso]
ffffffffff600000-ffffffffff601000 r-xp 00000000 00:00 0                  [vsyscall]

VM Arguments:
jvm_args: -Dfile.encoding=UTF-8 
java_command: icfs.mainPruebas
java_class_path (initial): /home/lucia/Documentos/segundo/pr/padsof/p3/moon/bin:/home/lucia/Documentos/segundo/pr/padsof/p3/moon/lib/EmailSystem.jar:/home/lucia/.p2/pool/plugins/org.junit_4.12.0.v201504281640/junit.jar:/home/lucia/.p2/pool/plugins/org.hamcrest.core_1.3.0.v201303031735.jar
Launcher Type: SUN_STANDARD

Environment Variables:
JAVA_HOME=/usr/lib/jvm/java-8-oracle
PATH=/home/lucia/bin:/home/lucia/.local/bin:/usr/local/sbin:/usr/local/bin:/usr/sbin:/usr/bin:/sbin:/bin:/usr/games:/usr/local/games:/snap/bin:/usr/lib/jvm/java-8-oracle/bin:/usr/lib/jvm/java-8-oracle/db/bin:/usr/lib/jvm/java-8-oracle/jre/bin
SHELL=/bin/bash
DISPLAY=:0

Signal Handlers:
SIGSEGV: [libjvm.so+0xac8af0], sa_mask[0]=11111111011111111101111111111110, sa_flags=SA_RESTART|SA_SIGINFO
SIGBUS: [libjvm.so+0xac8af0], sa_mask[0]=11111111011111111101111111111110, sa_flags=SA_RESTART|SA_SIGINFO
SIGFPE: [libjvm.so+0x921dd0], sa_mask[0]=11111111011111111101111111111110, sa_flags=SA_RESTART|SA_SIGINFO
SIGPIPE: [libjvm.so+0x921dd0], sa_mask[0]=11111111011111111101111111111110, sa_flags=SA_RESTART|SA_SIGINFO
SIGXFSZ: [libjvm.so+0x921dd0], sa_mask[0]=11111111011111111101111111111110, sa_flags=SA_RESTART|SA_SIGINFO
SIGILL: [libjvm.so+0x921dd0], sa_mask[0]=11111111011111111101111111111110, sa_flags=SA_RESTART|SA_SIGINFO
SIGUSR1: SIG_DFL, sa_mask[0]=00000000000000000000000000000000, sa_flags=none
SIGUSR2: [libjvm.so+0x923610], sa_mask[0]=00100000000000000000000000000000, sa_flags=SA_RESTART|SA_SIGINFO
SIGHUP: [libjvm.so+0x924a10], sa_mask[0]=11111111011111111101111111111110, sa_flags=SA_RESTART|SA_SIGINFO
SIGINT: [libjvm.so+0x924a10], sa_mask[0]=11111111011111111101111111111110, sa_flags=SA_RESTART|SA_SIGINFO
SIGTERM: [libjvm.so+0x924a10], sa_mask[0]=11111111011111111101111111111110, sa_flags=SA_RESTART|SA_SIGINFO
SIGQUIT: [libjvm.so+0x924a10], sa_mask[0]=11111111011111111101111111111110, sa_flags=SA_RESTART|SA_SIGINFO


---------------  S Y S T E M  ---------------

OS:DISTRIB_ID=Ubuntu
DISTRIB_RELEASE=16.04
DISTRIB_CODENAME=xenial
DISTRIB_DESCRIPTION="Ubuntu 16.04.2 LTS"

uname:Linux 4.4.0-62-generic #83-Ubuntu SMP Wed Jan 18 14:10:15 UTC 2017 x86_64
libc:glibc 2.23 NPTL 2.23 
rlimit: STACK 8192k, CORE 0k, NPROC 31419, NOFILE 65536, AS infinity
load average:0,56 0,57 0,58

/proc/meminfo:
MemTotal:        8083644 kB
MemFree:         1446104 kB
MemAvailable:    1981176 kB
Buffers:           45532 kB
Cached:          1457576 kB
SwapCached:            0 kB
Active:          5144324 kB
Inactive:        1114500 kB
Active(anon):    4800244 kB
Inactive(anon):   791748 kB
Active(file):     344080 kB
Inactive(file):   322752 kB
Unevictable:          32 kB
Mlocked:              32 kB
SwapTotal:       8295420 kB
SwapFree:        8286832 kB
Dirty:               252 kB
Writeback:          6324 kB
AnonPages:       4744108 kB
Mapped:           872688 kB
Shmem:            837032 kB
Slab:             223912 kB
SReclaimable:     172976 kB
SUnreclaim:        50936 kB
KernelStack:       21776 kB
PageTables:        42172 kB
NFS_Unstable:          0 kB
Bounce:                0 kB
WritebackTmp:          0 kB
CommitLimit:    12337240 kB
Committed_AS:   11429084 kB
VmallocTotal:   34359738367 kB
VmallocUsed:           0 kB
VmallocChunk:          0 kB
HardwareCorrupted:     0 kB
AnonHugePages:   3430400 kB
CmaTotal:              0 kB
CmaFree:               0 kB
HugePages_Total:       0
HugePages_Free:        0
HugePages_Rsvd:        0
HugePages_Surp:        0
Hugepagesize:       2048 kB
DirectMap4k:      187572 kB
DirectMap2M:     8110080 kB
DirectMap1G:           0 kB


CPU:total 8 (initial active 8) (4 cores per cpu, 2 threads per core) family 6 model 60 stepping 3, cmov, cx8, fxsr, mmx, sse, sse2, sse3, ssse3, sse4.1, sse4.2, popcnt, avx, avx2, aes, clmul, erms, lzcnt, ht, tsc, tscinvbit, bmi1, bmi2

/proc/cpuinfo:
processor	: 0
vendor_id	: GenuineIntel
cpu family	: 6
model		: 60
model name	: Intel(R) Core(TM) i7-4720HQ CPU @ 2.60GHz
stepping	: 3
microcode	: 0x1e
cpu MHz		: 3061.296
cache size	: 6144 KB
physical id	: 0
siblings	: 8
core id		: 0
cpu cores	: 4
apicid		: 0
initial apicid	: 0
fpu		: yes
fpu_exception	: yes
cpuid level	: 13
wp		: yes
flags		: fpu vme de pse tsc msr pae mce cx8 apic sep mtrr pge mca cmov pat pse36 clflush dts acpi mmx fxsr sse sse2 ss ht tm pbe syscall nx pdpe1gb rdtscp lm constant_tsc arch_perfmon pebs bts rep_good nopl xtopology nonstop_tsc aperfmperf eagerfpu pni pclmulqdq dtes64 monitor ds_cpl vmx est tm2 ssse3 sdbg fma cx16 xtpr pdcm pcid sse4_1 sse4_2 x2apic movbe popcnt tsc_deadline_timer aes xsave avx f16c rdrand lahf_lm abm epb tpr_shadow vnmi flexpriority ept vpid fsgsbase tsc_adjust bmi1 avx2 smep bmi2 erms invpcid xsaveopt dtherm ida arat pln pts
bugs		:
bogomips	: 5188.45
clflush size	: 64
cache_alignment	: 64
address sizes	: 39 bits physical, 48 bits virtual
power management:

processor	: 1
vendor_id	: GenuineIntel
cpu family	: 6
model		: 60
model name	: Intel(R) Core(TM) i7-4720HQ CPU @ 2.60GHz
stepping	: 3
microcode	: 0x1e
cpu MHz		: 3123.453
cache size	: 6144 KB
physical id	: 0
siblings	: 8
core id		: 1
cpu cores	: 4
apicid		: 2
initial apicid	: 2
fpu		: yes
fpu_exception	: yes
cpuid level	: 13
wp		: yes
flags		: fpu vme de pse tsc msr pae mce cx8 apic sep mtrr pge mca cmov pat pse36 clflush dts acpi mmx fxsr sse sse2 ss ht tm pbe syscall nx pdpe1gb rdtscp lm constant_tsc arch_perfmon pebs bts rep_good nopl xtopology nonstop_tsc aperfmperf eagerfpu pni pclmulqdq dtes64 monitor ds_cpl vmx est tm2 ssse3 sdbg fma cx16 xtpr pdcm pcid sse4_1 sse4_2 x2apic movbe popcnt tsc_deadline_timer aes xsave avx f16c rdrand lahf_lm abm epb tpr_shadow vnmi flexpriority ept vpid fsgsbase tsc_adjust bmi1 avx2 smep bmi2 erms invpcid xsaveopt dtherm ida arat pln pts
bugs		:
bogomips	: 5188.45
clflush size	: 64
cache_alignment	: 64
address sizes	: 39 bits physical, 48 bits virtual
power management:

processor	: 2
vendor_id	: GenuineIntel
cpu family	: 6
model		: 60
model name	: Intel(R) Core(TM) i7-4720HQ CPU @ 2.60GHz
stepping	: 3
microcode	: 0x1e
cpu MHz		: 3264.726
cache size	: 6144 KB
physical id	: 0
siblings	: 8
core id		: 2
cpu cores	: 4
apicid		: 4
initial apicid	: 4
fpu		: yes
fpu_exception	: yes
cpuid level	: 13
wp		: yes
flags		: fpu vme de pse tsc msr pae mce cx8 apic sep mtrr pge mca cmov pat pse36 clflush dts acpi mmx fxsr sse sse2 ss ht tm pbe syscall nx pdpe1gb rdtscp lm constant_tsc arch_perfmon pebs bts rep_good nopl xtopology nonstop_tsc aperfmperf eagerfpu pni pclmulqdq dtes64 monitor ds_cpl vmx est tm2 ssse3 sdbg fma cx16 xtpr pdcm pcid sse4_1 sse4_2 x2apic movbe popcnt tsc_deadline_timer aes xsave avx f16c rdrand lahf_lm abm epb tpr_shadow vnmi flexpriority ept vpid fsgsbase tsc_adjust bmi1 avx2 smep bmi2 erms invpcid xsaveopt dtherm ida arat pln pts
bugs		:
bogomips	: 5188.45
clflush size	: 64
cache_alignment	: 64
address sizes	: 39 bits physical, 48 bits virtual
power management:

processor	: 3
vendor_id	: GenuineIntel
cpu family	: 6
model		: 60
model name	: Intel(R) Core(TM) i7-4720HQ CPU @ 2.60GHz
stepping	: 3
microcode	: 0x1e
cpu MHz		: 3140.312
cache size	: 6144 KB
physical id	: 0
siblings	: 8
core id		: 3
cpu cores	: 4
apicid		: 6
initial apicid	: 6
fpu		: yes
fpu_exception	: yes
cpuid level	: 13
wp		: yes
flags		: fpu vme de pse tsc msr pae mce cx8 apic sep mtrr pge mca cmov pat pse36 clflush dts acpi mmx fxsr sse sse2 ss ht tm pbe syscall nx pdpe1gb rdtscp lm constant_tsc arch_perfmon pebs bts rep_good nopl xtopology nonstop_tsc aperfmperf eagerfpu pni pclmulqdq dtes64 monitor ds_cpl vmx est tm2 ssse3 sdbg fma cx16 xtpr pdcm pcid sse4_1 sse4_2 x2apic movbe popcnt tsc_deadline_timer aes xsave avx f16c rdrand lahf_lm abm epb tpr_shadow vnmi flexpriority ept vpid fsgsbase tsc_adjust bmi1 avx2 smep bmi2 erms invpcid xsaveopt dtherm ida arat pln pts
bugs		:
bogomips	: 5188.45
clflush size	: 64
cache_alignment	: 64
address sizes	: 39 bits physical, 48 bits virtual
power management:

processor	: 4
vendor_id	: GenuineIntel
cpu family	: 6
model		: 60
model name	: Intel(R) Core(TM) i7-4720HQ CPU @ 2.60GHz
stepping	: 3
microcode	: 0x1e
cpu MHz		: 3399.906
cache size	: 6144 KB
physical id	: 0
siblings	: 8
core id		: 0
cpu cores	: 4
apicid		: 1
initial apicid	: 1
fpu		: yes
fpu_exception	: yes
cpuid level	: 13
wp		: yes
flags		: fpu vme de pse tsc msr pae mce cx8 apic sep mtrr pge mca cmov pat pse36 clflush dts acpi mmx fxsr sse sse2 ss ht tm pbe syscall nx pdpe1gb rdtscp lm constant_tsc arch_perfmon pebs bts rep_good nopl xtopology nonstop_tsc aperfmperf eagerfpu pni pclmulqdq dtes64 monitor ds_cpl vmx est tm2 ssse3 sdbg fma cx16 xtpr pdcm pcid sse4_1 sse4_2 x2apic movbe popcnt tsc_deadline_timer aes xsave avx f16c rdrand lahf_lm abm epb tpr_shadow vnmi flexpriority ept vpid fsgsbase tsc_adjust bmi1 avx2 smep bmi2 erms invpcid xsaveopt dtherm ida arat pln pts
bugs		:
bogomips	: 5188.45
clflush size	: 64
cache_alignment	: 64
address sizes	: 39 bits physical, 48 bits virtual
power management:

processor	: 5
vendor_id	: GenuineIntel
cpu family	: 6
model		: 60
model name	: Intel(R) Core(TM) i7-4720HQ CPU @ 2.60GHz
stepping	: 3
microcode	: 0x1e
cpu MHz		: 3399.906
cache size	: 6144 KB
physical id	: 0
siblings	: 8
core id		: 1
cpu cores	: 4
apicid		: 3
initial apicid	: 3
fpu		: yes
fpu_exception	: yes
cpuid level	: 13
wp		: yes
flags		: fpu vme de pse tsc msr pae mce cx8 apic sep mtrr pge mca cmov pat pse36 clflush dts acpi mmx fxsr sse sse2 ss ht tm pbe syscall nx pdpe1gb rdtscp lm constant_tsc arch_perfmon pebs bts rep_good nopl xtopology nonstop_tsc aperfmperf eagerfpu pni pclmulqdq dtes64 monitor ds_cpl vmx est tm2 ssse3 sdbg fma cx16 xtpr pdcm pcid sse4_1 sse4_2 x2apic movbe popcnt tsc_deadline_timer aes xsave avx f16c rdrand lahf_lm abm epb tpr_shadow vnmi flexpriority ept vpid fsgsbase tsc_adjust bmi1 avx2 smep bmi2 erms invpcid xsaveopt dtherm ida arat pln pts
bugs		:
bogomips	: 5188.45
clflush size	: 64
cache_alignment	: 64
address sizes	: 39 bits physical, 48 bits virtual
power management:

processor	: 6
vendor_id	: GenuineIntel
cpu family	: 6
model		: 60
model name	: Intel(R) Core(TM) i7-4720HQ CPU @ 2.60GHz
stepping	: 3
microcode	: 0x1e
cpu MHz		: 3399.906
cache size	: 6144 KB
physical id	: 0
siblings	: 8
core id		: 2
cpu cores	: 4
apicid		: 5
initial apicid	: 5
fpu		: yes
fpu_exception	: yes
cpuid level	: 13
wp		: yes
flags		: fpu vme de pse tsc msr pae mce cx8 apic sep mtrr pge mca cmov pat pse36 clflush dts acpi mmx fxsr sse sse2 ss ht tm pbe syscall nx pdpe1gb rdtscp lm constant_tsc arch_perfmon pebs bts rep_good nopl xtopology nonstop_tsc aperfmperf eagerfpu pni pclmulqdq dtes64 monitor ds_cpl vmx est tm2 ssse3 sdbg fma cx16 xtpr pdcm pcid sse4_1 sse4_2 x2apic movbe popcnt tsc_deadline_timer aes xsave avx f16c rdrand lahf_lm abm epb tpr_shadow vnmi flexpriority ept vpid fsgsbase tsc_adjust bmi1 avx2 smep bmi2 erms invpcid xsaveopt dtherm ida arat pln pts
bugs		:
bogomips	: 5188.45
clflush size	: 64
cache_alignment	: 64
address sizes	: 39 bits physical, 48 bits virtual
power management:

processor	: 7
vendor_id	: GenuineIntel
cpu family	: 6
model		: 60
model name	: Intel(R) Core(TM) i7-4720HQ CPU @ 2.60GHz
stepping	: 3
microcode	: 0x1e
cpu MHz		: 3399.906
cache size	: 6144 KB
physical id	: 0
siblings	: 8
core id		: 3
cpu cores	: 4
apicid		: 7
initial apicid	: 7
fpu		: yes
fpu_exception	: yes
cpuid level	: 13
wp		: yes
flags		: fpu vme de pse tsc msr pae mce cx8 apic sep mtrr pge mca cmov pat pse36 clflush dts acpi mmx fxsr sse sse2 ss ht tm pbe syscall nx pdpe1gb rdtscp lm constant_tsc arch_perfmon pebs bts rep_good nopl xtopology nonstop_tsc aperfmperf eagerfpu pni pclmulqdq dtes64 monitor ds_cpl vmx est tm2 ssse3 sdbg fma cx16 xtpr pdcm pcid sse4_1 sse4_2 x2apic movbe popcnt tsc_deadline_timer aes xsave avx f16c rdrand lahf_lm abm epb tpr_shadow vnmi flexpriority ept vpid fsgsbase tsc_adjust bmi1 avx2 smep bmi2 erms invpcid xsaveopt dtherm ida arat pln pts
bugs		:
bogomips	: 5188.45
clflush size	: 64
cache_alignment	: 64
address sizes	: 39 bits physical, 48 bits virtual
power management:



Memory: 4k page, physical 8083644k(1503224k free), swap 8295420k(8286856k free)

vm_info: Java HotSpot(TM) 64-Bit Server VM (25.131-b11) for linux-amd64 JRE (1.8.0_131-b11), built on Mar 15 2017 01:23:40 by "java_re" with gcc 4.3.0 20080428 (Red Hat 4.3.0-8)

time: Mon May  8 06:04:36 2017
elapsed time: 12105 seconds (0d 3h 21m 45s)

